/usr/lib/pymodules/python2.7/matplotlib/cbook.py:122: MatplotlibDeprecationWarning: The normal aspect was deprecated in version 1.2. Use auto instead.
  warnings.warn(message, mplDeprecation, stacklevel=1)
done with active
0
500
1000
1500
2000
2500
3000
3500
4000
4500
5000
5500
6000
6500
7000
7500
8000
8500
9000
9500
10000
10500
11000
11500
12000
12500
13000
13500
14000
14500
15000
15500
16000
16500
17000
17500
18000
18500
19000
19500
20000
20500
21000
21500
22000
22500
23000
23500
24000
24500
25000
25500
26000
26500
27000
27500
28000
28500
29000
29500
30000
30500
31000
31500
32000
32500
33000
33500
34000
34500
35000
35500
36000
36500
37000
37500
38000
38500
39000
39500
40000
40500
41000
41500
42000
42500
43000
43500
[[  0.00000000e+00   1.00000000e+00]
 [  5.00000000e+02   1.00000000e+00]
 [  1.00000000e+03   1.00000000e+00]
 [  1.50000000e+03   1.00000000e+00]
 [  2.00000000e+03   1.00000000e+00]
 [  2.50000000e+03   1.00000000e+00]
 [  3.00000000e+03   1.00000000e+00]
 [  3.50000000e+03   1.00000000e+00]
 [  4.00000000e+03   1.00000000e+00]
 [  4.50000000e+03   1.00000000e+00]
 [  5.00000000e+03   1.00000000e+00]
 [  5.50000000e+03   1.00000000e+00]
 [  6.00000000e+03   1.00000000e+00]
 [  6.50000000e+03   1.00000000e+00]
 [  7.00000000e+03   1.00000000e+00]
 [  7.50000000e+03   1.00000000e+00]
 [  8.00000000e+03   1.00000000e+00]
 [  8.50000000e+03   1.00000000e+00]
 [  9.00000000e+03   1.00000000e+00]
 [  9.50000000e+03   1.00000000e+00]
 [  1.00000000e+04   1.00000000e+00]
 [  1.05000000e+04   1.00000000e+00]
 [  1.10000000e+04   1.00000000e+00]
 [  1.15000000e+04   1.00000000e+00]
 [  1.20000000e+04   1.00000000e+00]
 [  1.25000000e+04   1.00000000e+00]
 [  1.30000000e+04   1.00000000e+00]
 [  1.35000000e+04   1.00000000e+00]
 [  1.40000000e+04   1.00000000e+00]
 [  1.45000000e+04   1.00000000e+00]
 [  1.50000000e+04   1.00000000e+00]
 [  1.55000000e+04   1.00000000e+00]
 [  1.60000000e+04   1.00000000e+00]
 [  1.65000000e+04   1.00000000e+00]
 [  1.70000000e+04   1.00000000e+00]
 [  1.75000000e+04   1.00000000e+00]
 [  1.80000000e+04   1.00000000e+00]
 [  1.85000000e+04   1.00000000e+00]
 [  1.90000000e+04   1.00000000e+00]
 [  1.95000000e+04   1.00000000e+00]
 [  2.00000000e+04   1.00000000e+00]
 [  2.05000000e+04   1.00000000e+00]
 [  2.10000000e+04   1.00000000e+00]
 [  2.15000000e+04   1.00000000e+00]
 [  2.20000000e+04   1.00000000e+00]
 [  2.25000000e+04   1.00000000e+00]
 [  2.30000000e+04   1.00000000e+00]
 [  2.35000000e+04   1.00000000e+00]
 [  2.40000000e+04   1.00000000e+00]
 [  2.45000000e+04   1.00000000e+00]
 [  2.50000000e+04   1.00000000e+00]
 [  2.55000000e+04   1.00000000e+00]
 [  2.60000000e+04   1.00000000e+00]
 [  2.65000000e+04   1.00000000e+00]
 [  2.70000000e+04   1.00000000e+00]
 [  2.75000000e+04   1.00000000e+00]
 [  2.80000000e+04   1.00000000e+00]
 [  2.85000000e+04   1.00000000e+00]
 [  2.90000000e+04   1.00000000e+00]
 [  2.95000000e+04   1.00000000e+00]
 [  3.00000000e+04   1.00000000e+00]
 [  3.05000000e+04   1.00000000e+00]
 [  3.10000000e+04   1.00000000e+00]
 [  3.15000000e+04   1.00000000e+00]
 [  3.20000000e+04   1.00000000e+00]
 [  3.25000000e+04   1.00000000e+00]
 [  3.30000000e+04   1.00000000e+00]
 [  3.35000000e+04   1.00000000e+00]
 [  3.40000000e+04   1.00000000e+00]
 [  3.45000000e+04   1.00000000e+00]
 [  3.50000000e+04   1.00000000e+00]
 [  3.55000000e+04   1.00000000e+00]
 [  3.60000000e+04   1.00000000e+00]
 [  3.65000000e+04   1.00000000e+00]
 [  3.70000000e+04   1.00000000e+00]
 [  3.75000000e+04   1.00000000e+00]
 [  3.80000000e+04   1.00000000e+00]
 [  3.85000000e+04   2.00000000e+00]
 [  3.90000000e+04   3.00000000e+00]
 [  3.95000000e+04   4.00000000e+00]
 [  4.00000000e+04   5.00000000e+00]
 [  4.05000000e+04   6.00000000e+00]
 [  4.10000000e+04   6.00000000e+00]
 [  4.15000000e+04   6.00000000e+00]
 [  4.20000000e+04   6.00000000e+00]
 [  4.25000000e+04   6.00000000e+00]
 [  4.30000000e+04   7.00000000e+00]
 [  4.35000000e+04   6.00000000e+00]
 [  0.00000000e+00   0.00000000e+00]
 [  0.00000000e+00   0.00000000e+00]
 [  0.00000000e+00   0.00000000e+00]
 [  0.00000000e+00   0.00000000e+00]
 [  0.00000000e+00   0.00000000e+00]
 [  0.00000000e+00   0.00000000e+00]
 [  0.00000000e+00   0.00000000e+00]
 [  0.00000000e+00   0.00000000e+00]
 [  0.00000000e+00   0.00000000e+00]
 [  0.00000000e+00   0.00000000e+00]
 [  0.00000000e+00   0.00000000e+00]
 [  0.00000000e+00   0.00000000e+00]
 [  0.00000000e+00   0.00000000e+00]]
841.052047014 seconds
145402 Log evaluations
wrote to file: ../files/1/1_processed_detected.txt
wrote to file: ../files/1/1_all_detected.txt
